[ 2018-03-27T22:34:38+08:00 ] 127.0.0.1 /index.php/Admin/Admin/login.html
INFO: [ app_begin ] --START--
INFO: Run Behavior\ReadHtmlCacheBehavior [ RunTime:0.000479s ]
INFO: [ app_begin ] --END-- [ RunTime:0.000787s ]

[ 2018-03-27T22:34:45+08:00 ] 127.0.0.1 /index.php/Admin/Admin/login.html
INFO: [ app_begin ] --START--
INFO: Run Behavior\ReadHtmlCacheBehavior [ RunTime:0.000462s ]
INFO: [ app_begin ] --END-- [ RunTime:0.000768s ]

[ 2018-03-27T22:34:53+08:00 ] 127.0.0.1 /index.php/Admin/Admin/login.html
INFO: [ app_begin ] --START--
INFO: Run Behavior\ReadHtmlCacheBehavior [ RunTime:0.000394s ]
INFO: [ app_begin ] --END-- [ RunTime:0.000666s ]
SQL: SHOW COLUMNS FROM `te_admin` [ RunTime:0.0085s ]
SQL: SHOW COLUMNS FROM `te_admin` [ RunTime:0.0070s ]
SQL: SELECT * FROM `te_admin` WHERE ( username='admin' ) LIMIT 1   [ RunTime:0.0004s ]

[ 2018-03-27T22:55:39+08:00 ] 127.0.0.1 /index.php/Admin/Teacher/edit/id/1.html
INFO: [ app_begin ] --START--
INFO: Run Behavior\ReadHtmlCacheBehavior [ RunTime:0.000490s ]
INFO: [ app_begin ] --END-- [ RunTime:0.000868s ]
INFO: [ app_end ] --START--
INFO: Run Behavior\ShowPageTraceBehavior [ RunTime:0.000496s ]
INFO: [ app_end ] --END-- [ RunTime:0.000522s ]

[ 2018-03-27T23:02:51+08:00 ] 127.0.0.1 /index.php/Admin/Teacher/edit/id/1.html
INFO: [ app_begin ] --START--
INFO: Run Behavior\ReadHtmlCacheBehavior [ RunTime:0.000551s ]
INFO: [ app_begin ] --END-- [ RunTime:0.000962s ]
SQL: SHOW COLUMNS FROM `te_teacher` [ RunTime:0.0087s ]
SQL: UPDATE `te_teacher` SET `gender`='1',`birthday`='1995-02-24',`email`='17629016177@163.com',`address`='科技四路南窑头东区',`study`='2',`jointime`='2017-03-27' WHERE `id` = 1 [ RunTime:0.0026s ]

[ 2018-03-27T23:05:17+08:00 ] 127.0.0.1 /index.php/Admin/Teacher/edit/id/1.html
INFO: [ app_begin ] --START--
INFO: Run Behavior\ReadHtmlCacheBehavior [ RunTime:0.000493s ]
INFO: [ app_begin ] --END-- [ RunTime:0.000865s ]
SQL: SHOW COLUMNS FROM `te_teacher` [ RunTime:0.0135s ]
SQL: UPDATE `te_teacher` SET `gender`='1',`birthday`='1995-02-24',`phone`='17629016177',`email`='17629016177@163.com',`address`='科技四路南窑头东区',`study`='2',`jointime`='2017-03-27',`remark`='这是最屌的老师' WHERE `id` = 1 [ RunTime:0.0020s ]

[ 2018-03-27T23:23:29+08:00 ] 127.0.0.1 /index.php/Admin/Teacher/add.html
INFO: [ app_begin ] --START--
INFO: Run Behavior\ReadHtmlCacheBehavior [ RunTime:0.000561s ]
INFO: [ app_begin ] --END-- [ RunTime:0.000871s ]
SQL: SHOW COLUMNS FROM `te_teacher` [ RunTime:0.0075s ]
SQL: SELECT * FROM `te_teacher` WHERE ( name = '贺阳飞' ) LIMIT 1   [ RunTime:0.0003s ]

[ 2018-03-27T23:25:56+08:00 ] 127.0.0.1 /
INFO: [ app_begin ] --START--
INFO: Run Behavior\ReadHtmlCacheBehavior [ RunTime:0.000484s ]
INFO: [ app_begin ] --END-- [ RunTime:0.000834s ]
INFO: [ view_parse ] --START--
INFO: [ template_filter ] --START--
INFO: Run Behavior\ContentReplaceBehavior [ RunTime:0.000091s ]
INFO: [ template_filter ] --END-- [ RunTime:0.000111s ]
INFO: Run Behavior\ParseTemplateBehavior [ RunTime:0.005294s ]
INFO: [ view_parse ] --END-- [ RunTime:0.005317s ]
INFO: [ view_filter ] --START--
INFO: Run Behavior\WriteHtmlCacheBehavior [ RunTime:0.000377s ]
INFO: [ view_filter ] --END-- [ RunTime:0.000395s ]
INFO: [ app_end ] --START--
INFO: Run Behavior\ShowPageTraceBehavior [ RunTime:0.000577s ]
INFO: [ app_end ] --END-- [ RunTime:0.000605s ]

[ 2018-03-27T23:26:20+08:00 ] 127.0.0.1 /
INFO: [ app_begin ] --START--
INFO: Run Behavior\ReadHtmlCacheBehavior [ RunTime:0.000480s ]
INFO: [ app_begin ] --END-- [ RunTime:0.000820s ]
INFO: [ view_parse ] --START--
INFO: [ template_filter ] --START--
INFO: Run Behavior\ContentReplaceBehavior [ RunTime:0.000092s ]
INFO: [ template_filter ] --END-- [ RunTime:0.000115s ]
INFO: Run Behavior\ParseTemplateBehavior [ RunTime:0.005274s ]
INFO: [ view_parse ] --END-- [ RunTime:0.005298s ]
INFO: [ view_filter ] --START--
INFO: Run Behavior\WriteHtmlCacheBehavior [ RunTime:0.000356s ]
INFO: [ view_filter ] --END-- [ RunTime:0.000373s ]
INFO: [ app_end ] --START--
INFO: Run Behavior\ShowPageTraceBehavior [ RunTime:0.000505s ]
INFO: [ app_end ] --END-- [ RunTime:0.000532s ]

[ 2018-03-27T23:28:46+08:00 ] 127.0.0.1 /
INFO: [ app_begin ] --START--
INFO: Run Behavior\ReadHtmlCacheBehavior [ RunTime:0.000458s ]
INFO: [ app_begin ] --END-- [ RunTime:0.000780s ]
INFO: [ view_parse ] --START--
INFO: [ template_filter ] --START--
INFO: Run Behavior\ContentReplaceBehavior [ RunTime:0.000096s ]
INFO: [ template_filter ] --END-- [ RunTime:0.000126s ]
INFO: Run Behavior\ParseTemplateBehavior [ RunTime:0.006933s ]
INFO: [ view_parse ] --END-- [ RunTime:0.006966s ]
INFO: [ view_filter ] --START--
INFO: Run Behavior\WriteHtmlCacheBehavior [ RunTime:0.000445s ]
INFO: [ view_filter ] --END-- [ RunTime:0.000466s ]
INFO: [ app_end ] --START--
INFO: Run Behavior\ShowPageTraceBehavior [ RunTime:0.000571s ]
INFO: [ app_end ] --END-- [ RunTime:0.000599s ]

[ 2018-03-27T23:29:34+08:00 ] 127.0.0.1 /
INFO: [ app_begin ] --START--
INFO: Run Behavior\ReadHtmlCacheBehavior [ RunTime:0.000478s ]
INFO: [ app_begin ] --END-- [ RunTime:0.000801s ]
INFO: [ view_parse ] --START--
INFO: [ template_filter ] --START--
INFO: Run Behavior\ContentReplaceBehavior [ RunTime:0.000094s ]
INFO: [ template_filter ] --END-- [ RunTime:0.000121s ]
INFO: Run Behavior\ParseTemplateBehavior [ RunTime:0.005506s ]
INFO: [ view_parse ] --END-- [ RunTime:0.005533s ]
INFO: [ view_filter ] --START--
INFO: Run Behavior\WriteHtmlCacheBehavior [ RunTime:0.000366s ]
INFO: [ view_filter ] --END-- [ RunTime:0.000384s ]
INFO: [ app_end ] --START--
INFO: Run Behavior\ShowPageTraceBehavior [ RunTime:0.000519s ]
INFO: [ app_end ] --END-- [ RunTime:0.000548s ]

[ 2018-03-27T23:30:04+08:00 ] 127.0.0.1 /
INFO: [ app_begin ] --START--
INFO: Run Behavior\ReadHtmlCacheBehavior [ RunTime:0.000646s ]
INFO: [ app_begin ] --END-- [ RunTime:0.001072s ]
INFO: [ view_parse ] --START--
INFO: [ template_filter ] --START--
INFO: Run Behavior\ContentReplaceBehavior [ RunTime:0.000097s ]
INFO: [ template_filter ] --END-- [ RunTime:0.000128s ]
INFO: Run Behavior\ParseTemplateBehavior [ RunTime:0.006067s ]
INFO: [ view_parse ] --END-- [ RunTime:0.006101s ]
INFO: [ view_filter ] --START--
INFO: Run Behavior\WriteHtmlCacheBehavior [ RunTime:0.000418s ]
INFO: [ view_filter ] --END-- [ RunTime:0.000449s ]
INFO: [ app_end ] --START--
INFO: Run Behavior\ShowPageTraceBehavior [ RunTime:0.000636s ]
INFO: [ app_end ] --END-- [ RunTime:0.000668s ]

[ 2018-03-27T23:31:45+08:00 ] 127.0.0.1 /
INFO: [ app_begin ] --START--
INFO: Run Behavior\ReadHtmlCacheBehavior [ RunTime:0.000486s ]
INFO: [ app_begin ] --END-- [ RunTime:0.000846s ]
INFO: [ view_parse ] --START--
INFO: [ template_filter ] --START--
INFO: Run Behavior\ContentReplaceBehavior [ RunTime:0.000096s ]
INFO: [ template_filter ] --END-- [ RunTime:0.000125s ]
INFO: Run Behavior\ParseTemplateBehavior [ RunTime:0.005629s ]
INFO: [ view_parse ] --END-- [ RunTime:0.005651s ]
INFO: [ view_filter ] --START--
INFO: Run Behavior\WriteHtmlCacheBehavior [ RunTime:0.000368s ]
INFO: [ view_filter ] --END-- [ RunTime:0.000387s ]
INFO: [ app_end ] --START--
INFO: Run Behavior\ShowPageTraceBehavior [ RunTime:0.000523s ]
INFO: [ app_end ] --END-- [ RunTime:0.000552s ]

[ 2018-03-27T23:32:53+08:00 ] 127.0.0.1 /index.php/Admin/Teacher/changepassword/id/1.html
INFO: [ app_begin ] --START--
INFO: Run Behavior\ReadHtmlCacheBehavior [ RunTime:0.000518s ]
INFO: [ app_begin ] --END-- [ RunTime:0.000940s ]
SQL: SHOW COLUMNS FROM `te_teacher` [ RunTime:0.0133s ]
SQL: UPDATE `te_teacher` SET `password`='e10adc3949ba59abbe56e057f20f883e' WHERE `id` = 1 [ RunTime:0.0020s ]

[ 2018-03-27T23:33:57+08:00 ] 127.0.0.1 /index.php/Admin/Teacher/changepassword/id/1.html
INFO: [ app_begin ] --START--
INFO: Run Behavior\ReadHtmlCacheBehavior [ RunTime:0.000436s ]
INFO: [ app_begin ] --END-- [ RunTime:0.000795s ]
SQL: SHOW COLUMNS FROM `te_teacher` [ RunTime:0.0141s ]
SQL: UPDATE `te_teacher` SET `password`='e10adc3949ba59abbe56e057f20f883e' WHERE `id` = 1 [ RunTime:0.0019s ]

[ 2018-03-27T23:34:36+08:00 ] 127.0.0.1 /index.php/Admin/Teacher/changepassword/id/1.html
INFO: [ app_begin ] --START--
INFO: Run Behavior\ReadHtmlCacheBehavior [ RunTime:0.000468s ]
INFO: [ app_begin ] --END-- [ RunTime:0.000810s ]
SQL: SHOW COLUMNS FROM `te_teacher` [ RunTime:0.0134s ]
SQL: UPDATE `te_teacher` SET `password`='e10adc3949ba59abbe56e057f20f883e' WHERE `id` = 1 [ RunTime:0.0017s ]

[ 2018-03-27T23:34:47+08:00 ] 127.0.0.1 /index.php/Admin/Teacher/changepassword/id/1.html
INFO: [ app_begin ] --START--
INFO: Run Behavior\ReadHtmlCacheBehavior [ RunTime:0.000487s ]
INFO: [ app_begin ] --END-- [ RunTime:0.000833s ]
SQL: SHOW COLUMNS FROM `te_teacher` [ RunTime:0.0075s ]
SQL: UPDATE `te_teacher` SET `password`='0192023a7bbd73250516f069df18b500' WHERE `id` = 1 [ RunTime:0.0018s ]

[ 2018-03-27T23:36:01+08:00 ] 127.0.0.1 /index.php/Admin/Teacher/member-show.html
ERR: 非法操作:member-show

[ 2018-03-27T23:36:28+08:00 ] 127.0.0.1 /index.php/admin/article-list.html
ERR: 无法加载控制器:Article-list

[ 2018-03-27T23:36:32+08:00 ] 127.0.0.1 /index.php/admin/article-list.html
ERR: 无法加载控制器:Article-list

[ 2018-03-27T23:37:21+08:00 ] 127.0.0.1 /index.php/admin/article-list.html
ERR: 无法加载控制器:Article-list

[ 2018-03-27T23:42:25+08:00 ] 127.0.0.1 /index.php/admin/article-list.html
ERR: 无法加载控制器:Article-list

[ 2018-03-27T23:42:26+08:00 ] 127.0.0.1 /index.php/admin/article-list.html
ERR: 无法加载控制器:Article-list

[ 2018-03-27T23:42:31+08:00 ] 127.0.0.1 /index.php/Admin/Lesson/index.html
ERR: Call to undefined function %y-%M-%d()

