[ 2018-03-16T13:53:06+08:00 ] 127.0.0.1 /index.php/admin/admin/login
INFO: [ app_begin ] --START--
INFO: Run Behavior\ReadHtmlCacheBehavior [ RunTime:0.000397s ]
INFO: [ app_begin ] --END-- [ RunTime:0.000707s ]
ERR: 1146:Table 'teacher.te_user' doesn't exist
 [ SQL语句 ] : SHOW COLUMNS FROM `te_user`
ERR: 1146:Table 'teacher.te_user' doesn't exist
 [ SQL语句 ] : SHOW COLUMNS FROM `te_user`

[ 2018-03-16T13:53:37+08:00 ] 127.0.0.1 /index.php/admin/admin/login
INFO: [ app_begin ] --START--
INFO: Run Behavior\ReadHtmlCacheBehavior [ RunTime:0.000758s ]
INFO: [ app_begin ] --END-- [ RunTime:0.001333s ]

[ 2018-03-16T13:53:44+08:00 ] 127.0.0.1 /index.php/admin/admin/login
INFO: [ app_begin ] --START--
INFO: Run Behavior\ReadHtmlCacheBehavior [ RunTime:0.000582s ]
INFO: [ app_begin ] --END-- [ RunTime:0.001101s ]

[ 2018-03-16T13:54:26+08:00 ] 127.0.0.1 /index.php/admin/admin/login
INFO: [ app_begin ] --START--
INFO: Run Behavior\ReadHtmlCacheBehavior [ RunTime:0.000503s ]
INFO: [ app_begin ] --END-- [ RunTime:0.000902s ]

[ 2018-03-16T13:54:37+08:00 ] 127.0.0.1 /index.php/admin/admin/login
INFO: [ app_begin ] --START--
INFO: Run Behavior\ReadHtmlCacheBehavior [ RunTime:0.000500s ]
INFO: [ app_begin ] --END-- [ RunTime:0.000848s ]

[ 2018-03-16T13:54:44+08:00 ] 127.0.0.1 /index.php/admin/admin/login
INFO: [ app_begin ] --START--
INFO: Run Behavior\ReadHtmlCacheBehavior [ RunTime:0.000482s ]
INFO: [ app_begin ] --END-- [ RunTime:0.000823s ]
ERR: 1146:Table 'teacher.te_user' doesn't exist
 [ SQL语句 ] : SHOW COLUMNS FROM `te_user`
ERR: 1146:Table 'teacher.te_user' doesn't exist
 [ SQL语句 ] : SHOW COLUMNS FROM `te_user`

[ 2018-03-16T13:54:46+08:00 ] 127.0.0.1 /index.php/admin/admin/login
INFO: [ app_begin ] --START--
INFO: Run Behavior\ReadHtmlCacheBehavior [ RunTime:0.000524s ]
INFO: [ app_begin ] --END-- [ RunTime:0.000867s ]

[ 2018-03-16T13:54:47+08:00 ] 127.0.0.1 /index.php/admin/admin/login
INFO: [ app_begin ] --START--
INFO: Run Behavior\ReadHtmlCacheBehavior [ RunTime:0.000396s ]
INFO: [ app_begin ] --END-- [ RunTime:0.000668s ]

[ 2018-03-16T13:54:49+08:00 ] 127.0.0.1 /index.php/admin/admin/login
INFO: [ app_begin ] --START--
INFO: Run Behavior\ReadHtmlCacheBehavior [ RunTime:0.000403s ]
INFO: [ app_begin ] --END-- [ RunTime:0.000667s ]

[ 2018-03-16T13:55:25+08:00 ] 127.0.0.1 /index.php/admin/admin/login
INFO: [ app_begin ] --START--
INFO: Run Behavior\ReadHtmlCacheBehavior [ RunTime:0.000407s ]
INFO: [ app_begin ] --END-- [ RunTime:0.000682s ]

[ 2018-03-16T13:55:33+08:00 ] 127.0.0.1 /index.php/admin/admin/login
INFO: [ app_begin ] --START--
INFO: Run Behavior\ReadHtmlCacheBehavior [ RunTime:0.000428s ]
INFO: [ app_begin ] --END-- [ RunTime:0.000699s ]

[ 2018-03-16T13:55:48+08:00 ] 127.0.0.1 /index.php/admin/admin/login
INFO: [ app_begin ] --START--
INFO: Run Behavior\ReadHtmlCacheBehavior [ RunTime:0.000511s ]
INFO: [ app_begin ] --END-- [ RunTime:0.000889s ]

[ 2018-03-16T13:56:17+08:00 ] 127.0.0.1 /index.php/admin/admin/login
INFO: [ app_begin ] --START--
INFO: Run Behavior\ReadHtmlCacheBehavior [ RunTime:0.000477s ]
INFO: [ app_begin ] --END-- [ RunTime:0.000823s ]

[ 2018-03-16T13:56:24+08:00 ] 127.0.0.1 /index.php/admin/admin/login
INFO: [ app_begin ] --START--
INFO: Run Behavior\ReadHtmlCacheBehavior [ RunTime:0.000411s ]
INFO: [ app_begin ] --END-- [ RunTime:0.000736s ]
ERR: 1146:Table 'teacher.te_user' doesn't exist
 [ SQL语句 ] : SHOW COLUMNS FROM `te_user`
ERR: 1146:Table 'teacher.te_user' doesn't exist
 [ SQL语句 ] : SHOW COLUMNS FROM `te_user`

[ 2018-03-16T13:56:26+08:00 ] 127.0.0.1 /index.php/admin/admin/login
INFO: [ app_begin ] --START--
INFO: Run Behavior\ReadHtmlCacheBehavior [ RunTime:0.000473s ]
INFO: [ app_begin ] --END-- [ RunTime:0.000842s ]

[ 2018-03-16T13:56:30+08:00 ] 127.0.0.1 /index.php/admin/admin/login
INFO: [ app_begin ] --START--
INFO: Run Behavior\ReadHtmlCacheBehavior [ RunTime:0.000495s ]
INFO: [ app_begin ] --END-- [ RunTime:0.000966s ]

[ 2018-03-16T13:56:32+08:00 ] 127.0.0.1 /index.php/admin/admin/login
INFO: [ app_begin ] --START--
INFO: Run Behavior\ReadHtmlCacheBehavior [ RunTime:0.000394s ]
INFO: [ app_begin ] --END-- [ RunTime:0.000673s ]

[ 2018-03-16T13:57:23+08:00 ] 127.0.0.1 /index.php/admin/admin/login
INFO: [ app_begin ] --START--
INFO: Run Behavior\ReadHtmlCacheBehavior [ RunTime:0.000489s ]
INFO: [ app_begin ] --END-- [ RunTime:0.000869s ]
ERR: 1146:Table 'teacher.te_user' doesn't exist
 [ SQL语句 ] : SHOW COLUMNS FROM `te_user`
ERR: 1146:Table 'teacher.te_user' doesn't exist
 [ SQL语句 ] : SHOW COLUMNS FROM `te_user`

[ 2018-03-16T14:00:23+08:00 ] 127.0.0.1 /index.php/admin/admin/login
INFO: [ app_begin ] --START--
INFO: Run Behavior\ReadHtmlCacheBehavior [ RunTime:0.000496s ]
INFO: [ app_begin ] --END-- [ RunTime:0.000841s ]

[ 2018-03-16T14:00:29+08:00 ] 127.0.0.1 /index.php/admin/admin/login
INFO: [ app_begin ] --START--
INFO: Run Behavior\ReadHtmlCacheBehavior [ RunTime:0.000412s ]
INFO: [ app_begin ] --END-- [ RunTime:0.000696s ]
ERR: 1146:Table 'teacher.te_user' doesn't exist
 [ SQL语句 ] : SHOW COLUMNS FROM `te_user`
ERR: 1146:Table 'teacher.te_user' doesn't exist
 [ SQL语句 ] : SHOW COLUMNS FROM `te_user`

[ 2018-03-16T14:00:31+08:00 ] 127.0.0.1 /index.php/admin/admin/login
INFO: [ app_begin ] --START--
INFO: Run Behavior\ReadHtmlCacheBehavior [ RunTime:0.000482s ]
INFO: [ app_begin ] --END-- [ RunTime:0.000822s ]

[ 2018-03-16T14:00:31+08:00 ] 127.0.0.1 /index.php/admin/admin/login
INFO: [ app_begin ] --START--
INFO: Run Behavior\ReadHtmlCacheBehavior [ RunTime:0.000399s ]
INFO: [ app_begin ] --END-- [ RunTime:0.000665s ]

[ 2018-03-16T14:00:32+08:00 ] 127.0.0.1 /index.php/admin/admin/login
INFO: [ app_begin ] --START--
INFO: Run Behavior\ReadHtmlCacheBehavior [ RunTime:0.000535s ]
INFO: [ app_begin ] --END-- [ RunTime:0.000871s ]

[ 2018-03-16T14:00:32+08:00 ] 127.0.0.1 /index.php/admin/admin/login
INFO: [ app_begin ] --START--
INFO: Run Behavior\ReadHtmlCacheBehavior [ RunTime:0.000596s ]
INFO: [ app_begin ] --END-- [ RunTime:0.001084s ]

[ 2018-03-16T14:00:40+08:00 ] 127.0.0.1 /index.php/admin/admin/login
INFO: [ app_begin ] --START--
INFO: Run Behavior\ReadHtmlCacheBehavior [ RunTime:0.000398s ]
INFO: [ app_begin ] --END-- [ RunTime:0.000669s ]

[ 2018-03-16T14:00:50+08:00 ] 127.0.0.1 /index.php/admin/admin/login
INFO: [ app_begin ] --START--
INFO: Run Behavior\ReadHtmlCacheBehavior [ RunTime:0.000522s ]
INFO: [ app_begin ] --END-- [ RunTime:0.000854s ]
ERR: 1146:Table 'teacher.te_user' doesn't exist
 [ SQL语句 ] : SHOW COLUMNS FROM `te_user`
ERR: 1146:Table 'teacher.te_user' doesn't exist
 [ SQL语句 ] : SHOW COLUMNS FROM `te_user`

[ 2018-03-16T14:01:38+08:00 ] 127.0.0.1 /index.php/admin/admin/login
INFO: [ app_begin ] --START--
INFO: Run Behavior\ReadHtmlCacheBehavior [ RunTime:0.000398s ]
INFO: [ app_begin ] --END-- [ RunTime:0.000669s ]
SQL: SHOW COLUMNS FROM `te_admin` [ RunTime:0.0070s ]

[ 2018-03-16T14:05:38+08:00 ] 127.0.0.1 /index.php/admin/admin/login
INFO: [ app_begin ] --START--
INFO: Run Behavior\ReadHtmlCacheBehavior [ RunTime:0.000426s ]
INFO: [ app_begin ] --END-- [ RunTime:0.000718s ]

[ 2018-03-16T14:05:44+08:00 ] 127.0.0.1 /index.php/admin/admin/login
INFO: [ app_begin ] --START--
INFO: Run Behavior\ReadHtmlCacheBehavior [ RunTime:0.000534s ]
INFO: [ app_begin ] --END-- [ RunTime:0.000863s ]

[ 2018-03-16T14:05:55+08:00 ] 127.0.0.1 /index.php/admin/admin/login
INFO: [ app_begin ] --START--
INFO: Run Behavior\ReadHtmlCacheBehavior [ RunTime:0.000515s ]
INFO: [ app_begin ] --END-- [ RunTime:0.001113s ]
SQL: SHOW COLUMNS FROM `te_admin` [ RunTime:0.0134s ]

[ 2018-03-16T14:06:05+08:00 ] 127.0.0.1 /index.php/admin/admin/login
INFO: [ app_begin ] --START--
INFO: Run Behavior\ReadHtmlCacheBehavior [ RunTime:0.000402s ]
INFO: [ app_begin ] --END-- [ RunTime:0.000668s ]
SQL: SHOW COLUMNS FROM `te_admin` [ RunTime:0.0129s ]

[ 2018-03-16T14:06:22+08:00 ] 127.0.0.1 /index.php/admin/admin/login
INFO: [ app_begin ] --START--
INFO: Run Behavior\ReadHtmlCacheBehavior [ RunTime:0.000402s ]
INFO: [ app_begin ] --END-- [ RunTime:0.000729s ]
SQL: SHOW COLUMNS FROM `te_admin` [ RunTime:0.0074s ]
ERR: 1146:Table 'teacher.te_user' doesn't exist
 [ SQL语句 ] : SHOW COLUMNS FROM `te_user`
ERR: 1146:Table 'teacher.te_user' doesn't exist
 [ SQL语句 ] : SHOW COLUMNS FROM `te_user`

[ 2018-03-16T14:07:38+08:00 ] 127.0.0.1 /index.php/admin/admin/login
INFO: [ app_begin ] --START--
INFO: Run Behavior\ReadHtmlCacheBehavior [ RunTime:0.000675s ]
INFO: [ app_begin ] --END-- [ RunTime:0.001171s ]

[ 2018-03-16T14:07:46+08:00 ] 127.0.0.1 /index.php/admin/admin/login
INFO: [ app_begin ] --START--
INFO: Run Behavior\ReadHtmlCacheBehavior [ RunTime:0.000449s ]
INFO: [ app_begin ] --END-- [ RunTime:0.000799s ]
SQL: SHOW COLUMNS FROM `te_admin` [ RunTime:0.0073s ]
SQL: SHOW COLUMNS FROM `te_admin` [ RunTime:0.0068s ]
SQL: SELECT * FROM `te_admin` WHERE ( username='dadasdad' ) LIMIT 1   [ RunTime:0.0003s ]

[ 2018-03-16T14:08:02+08:00 ] 127.0.0.1 /index.php/admin/admin/login
INFO: [ app_begin ] --START--
INFO: Run Behavior\ReadHtmlCacheBehavior [ RunTime:0.000679s ]
INFO: [ app_begin ] --END-- [ RunTime:0.001188s ]
SQL: SHOW COLUMNS FROM `te_admin` [ RunTime:0.0182s ]
SQL: SHOW COLUMNS FROM `te_admin` [ RunTime:0.0089s ]
SQL: SELECT * FROM `te_admin` WHERE ( username='admin' ) LIMIT 1   [ RunTime:0.0003s ]

[ 2018-03-16T14:08:28+08:00 ] 127.0.0.1 /index.php/admin/admin/login
INFO: [ app_begin ] --START--
INFO: Run Behavior\ReadHtmlCacheBehavior [ RunTime:0.000506s ]
INFO: [ app_begin ] --END-- [ RunTime:0.000850s ]

[ 2018-03-16T14:08:43+08:00 ] 127.0.0.1 /index.php/admin/admin/login
INFO: [ app_begin ] --START--
INFO: Run Behavior\ReadHtmlCacheBehavior [ RunTime:0.000418s ]
INFO: [ app_begin ] --END-- [ RunTime:0.000750s ]
SQL: SHOW COLUMNS FROM `te_admin` [ RunTime:0.0132s ]
SQL: SHOW COLUMNS FROM `te_admin` [ RunTime:0.0073s ]
SQL: SELECT * FROM `te_admin` WHERE ( username='admin' ) LIMIT 1   [ RunTime:0.0002s ]

[ 2018-03-16T14:12:50+08:00 ] 127.0.0.1 /index.php/admin/admin/login
INFO: [ app_begin ] --START--
INFO: Run Behavior\ReadHtmlCacheBehavior [ RunTime:0.000555s ]
INFO: [ app_begin ] --END-- [ RunTime:0.001001s ]

[ 2018-03-16T14:12:57+08:00 ] 127.0.0.1 /index.php/admin/admin/login
INFO: [ app_begin ] --START--
INFO: Run Behavior\ReadHtmlCacheBehavior [ RunTime:0.000507s ]
INFO: [ app_begin ] --END-- [ RunTime:0.000952s ]
SQL: SHOW COLUMNS FROM `te_admin` [ RunTime:0.0079s ]
SQL: SHOW COLUMNS FROM `te_admin` [ RunTime:0.0081s ]
SQL: SELECT * FROM `te_admin` WHERE ( username='admin' ) LIMIT 1   [ RunTime:0.0003s ]

[ 2018-03-16T14:12:57+08:00 ] 127.0.0.1 /index.php/admin/admin/U('index/index')
ERR: 非法操作:U('index

[ 2018-03-16T14:14:05+08:00 ] 127.0.0.1 /index.php/admin/admin/login
INFO: [ app_begin ] --START--
INFO: Run Behavior\ReadHtmlCacheBehavior [ RunTime:0.000465s ]
INFO: [ app_begin ] --END-- [ RunTime:0.000794s ]
SQL: SHOW COLUMNS FROM `te_admin` [ RunTime:0.0091s ]
SQL: SHOW COLUMNS FROM `te_admin` [ RunTime:0.0082s ]
SQL: SELECT * FROM `te_admin` WHERE ( username='admin' ) LIMIT 1   [ RunTime:0.0003s ]

[ 2018-03-16T14:14:54+08:00 ] 127.0.0.1 /index.php/admin/static/h-ui/css/H-ui.min.css
ERR: 无法加载控制器:Static

[ 2018-03-16T14:14:54+08:00 ] 127.0.0.1 /index.php/admin/welcome.html
ERR: 无法加载控制器:Welcome

[ 2018-03-16T14:14:55+08:00 ] 127.0.0.1 /index.php/admin/static/h-ui.admin/css/H-ui.admin.css
ERR: 无法加载控制器:Static

[ 2018-03-16T14:14:55+08:00 ] 127.0.0.1 /index.php/admin/lib/Hui-iconfont/1.0.8/iconfont.css
ERR: 无法加载控制器:Lib

[ 2018-03-16T14:14:55+08:00 ] 127.0.0.1 /index.php/admin/static/h-ui.admin/skin/default/skin.css
ERR: 无法加载控制器:Static

[ 2018-03-16T14:14:55+08:00 ] 127.0.0.1 /index.php/admin/lib/jquery/1.9.1/jquery.min.js
ERR: 无法加载控制器:Lib

[ 2018-03-16T14:14:55+08:00 ] 127.0.0.1 /index.php/admin/static/h-ui.admin/css/style.css
ERR: 无法加载控制器:Static

[ 2018-03-16T14:14:55+08:00 ] 127.0.0.1 /index.php/admin/static/h-ui/js/H-ui.min.js
ERR: 无法加载控制器:Static

[ 2018-03-16T14:14:55+08:00 ] 127.0.0.1 /index.php/admin/static/h-ui.admin/js/H-ui.admin.js
ERR: 无法加载控制器:Static

[ 2018-03-16T14:14:55+08:00 ] 127.0.0.1 /index.php/admin/lib/jquery.contextmenu/jquery.contextmenu.r2.js
ERR: 无法加载控制器:Lib

[ 2018-03-16T14:14:55+08:00 ] 127.0.0.1 /index.php/admin/lib/layer/2.4/layer.js
ERR: 无法加载控制器:Lib

[ 2018-03-16T14:14:55+08:00 ] 127.0.0.1 /index.php/admin/static/h-ui/js/H-ui.min.js
ERR: 无法加载控制器:Static

[ 2018-03-16T14:14:55+08:00 ] 127.0.0.1 /index.php/admin/static/h-ui.admin/js/H-ui.admin.js
ERR: 无法加载控制器:Static

[ 2018-03-16T14:14:55+08:00 ] 127.0.0.1 /index.php/admin/lib/jquery.contextmenu/jquery.contextmenu.r2.js
ERR: 无法加载控制器:Lib

[ 2018-03-16T14:15:33+08:00 ] 127.0.0.1 /index.php/admin/welcome.html
ERR: 无法加载控制器:Welcome

[ 2018-03-16T14:17:38+08:00 ] 127.0.0.1 /index.php/Admin/Index/static/h-ui/css/H-ui.min.css
ERR: 非法操作:static

[ 2018-03-16T14:17:38+08:00 ] 127.0.0.1 /index.php/Admin/Index/static/h-ui.admin/css/H-ui.admin.css
ERR: 非法操作:static

[ 2018-03-16T14:17:38+08:00 ] 127.0.0.1 /index.php/Admin/Index/lib/Hui-iconfont/1.0.8/iconfont.css
ERR: 非法操作:lib

[ 2018-03-16T14:17:38+08:00 ] 127.0.0.1 /index.php/Admin/Index/static/h-ui.admin/skin/default/skin.css
ERR: 非法操作:static

[ 2018-03-16T14:17:38+08:00 ] 127.0.0.1 /index.php/Admin/Index/static/h-ui.admin/css/style.css
ERR: 非法操作:static

[ 2018-03-16T14:17:38+08:00 ] 127.0.0.1 /index.php/Admin/Index/lib/jquery/1.9.1/jquery.min.js
ERR: 非法操作:lib

[ 2018-03-16T14:17:38+08:00 ] 127.0.0.1 /index.php/Admin/Index/static/h-ui/js/H-ui.min.js
ERR: 非法操作:static

