[ 2018-04-02T21:27:03+08:00 ] 127.0.0.1 /index.php/Admin/Admin/login.html
INFO: [ app_begin ] --START--
INFO: Run Behavior\ReadHtmlCacheBehavior [ RunTime:0.000434s ]
INFO: [ app_begin ] --END-- [ RunTime:0.000753s ]
SQL: SHOW COLUMNS FROM `te_teacher` [ RunTime:0.0180s ]
SQL: SHOW COLUMNS FROM `te_teacher` [ RunTime:0.0077s ]
SQL: SELECT * FROM `te_teacher` WHERE ( name='admin' ) LIMIT 1   [ RunTime:0.0012s ]

[ 2018-04-02T21:27:08+08:00 ] 127.0.0.1 /index.php/Admin/Admin/login.html
INFO: [ app_begin ] --START--
INFO: Run Behavior\ReadHtmlCacheBehavior [ RunTime:0.000293s ]
INFO: [ app_begin ] --END-- [ RunTime:0.000510s ]
SQL: SHOW COLUMNS FROM `te_teacher` [ RunTime:0.0116s ]
SQL: SHOW COLUMNS FROM `te_teacher` [ RunTime:0.0071s ]
SQL: SELECT * FROM `te_teacher` WHERE ( name='admin' ) LIMIT 1   [ RunTime:0.0003s ]

[ 2018-04-02T21:28:40+08:00 ] 127.0.0.1 /index.php/Admin/Admin/login.html
INFO: [ app_begin ] --START--
INFO: Run Behavior\ReadHtmlCacheBehavior [ RunTime:0.000258s ]
INFO: [ app_begin ] --END-- [ RunTime:0.000492s ]
SQL: SHOW COLUMNS FROM `te_teacher` [ RunTime:0.0132s ]
SQL: SHOW COLUMNS FROM `te_teacher` [ RunTime:0.0072s ]
SQL: SELECT * FROM `te_teacher` WHERE ( name='admin' ) LIMIT 1   [ RunTime:0.0003s ]

[ 2018-04-02T21:28:44+08:00 ] 127.0.0.1 /index.php/Admin/Admin/login.html
INFO: [ app_begin ] --START--
INFO: Run Behavior\ReadHtmlCacheBehavior [ RunTime:0.000370s ]
INFO: [ app_begin ] --END-- [ RunTime:0.000635s ]

[ 2018-04-02T21:28:45+08:00 ] 127.0.0.1 /index.php/Admin/Admin/login.html
INFO: [ app_begin ] --START--
INFO: Run Behavior\ReadHtmlCacheBehavior [ RunTime:0.000250s ]
INFO: [ app_begin ] --END-- [ RunTime:0.000436s ]

[ 2018-04-02T21:28:46+08:00 ] 127.0.0.1 /index.php/Admin/Admin/login.html
INFO: [ app_begin ] --START--
INFO: Run Behavior\ReadHtmlCacheBehavior [ RunTime:0.000255s ]
INFO: [ app_begin ] --END-- [ RunTime:0.000444s ]

[ 2018-04-02T21:29:12+08:00 ] 127.0.0.1 /index.php/Admin/Admin/login.html
INFO: [ app_begin ] --START--
INFO: Run Behavior\ReadHtmlCacheBehavior [ RunTime:0.000290s ]
INFO: [ app_begin ] --END-- [ RunTime:0.000507s ]
SQL: SHOW COLUMNS FROM `te_teacher` [ RunTime:0.0122s ]
SQL: SHOW COLUMNS FROM `te_teacher` [ RunTime:0.0076s ]
SQL: SELECT * FROM `te_teacher` WHERE ( name='admin' ) LIMIT 1   [ RunTime:0.0003s ]

[ 2018-04-02T21:32:01+08:00 ] 127.0.0.1 /index.php/admin/article-list.html
ERR: 无法加载控制器:Article-list

[ 2018-04-02T21:32:13+08:00 ] 127.0.0.1 /index.php/admin/article-list.html
ERR: 无法加载控制器:Article-list

[ 2018-04-02T21:36:20+08:00 ] 127.0.0.1 /index.php/admin/article-list.html
ERR: 无法加载控制器:Article-list

[ 2018-04-02T21:42:14+08:00 ] 127.0.0.1 /index.php/Admin/Gsign/index.html
ERR: 无法加载控制器:Gsign

[ 2018-04-02T21:42:37+08:00 ] 127.0.0.1 /index.php/Admin/Gsign/index.html
ERR: 1146:Table 'teacher.te_gsign' doesn't exist
 [ SQL语句 ] : SHOW COLUMNS FROM `te_gsign`

[ 2018-04-02T22:06:56+08:00 ] 127.0.0.1 /index.php/Admin/Lesson/add.html
ERR: 模板不存在:./Application/Admin/View/Lesson/lesson-add.html

[ 2018-04-02T22:07:50+08:00 ] 127.0.0.1 /index.php/Admin/Lesson/index.html
ERR: 模板不存在:./Application/Admin/View/Lesson/lesson-list.html

[ 2018-04-02T22:10:02+08:00 ] 127.0.0.1 /index.php/Admin/Admin/login.html
INFO: [ app_begin ] --START--
INFO: Run Behavior\ReadHtmlCacheBehavior [ RunTime:0.000254s ]
INFO: [ app_begin ] --END-- [ RunTime:0.000445s ]
SQL: SHOW COLUMNS FROM `te_teacher` [ RunTime:0.0118s ]
SQL: SHOW COLUMNS FROM `te_teacher` [ RunTime:0.0076s ]
SQL: SELECT * FROM `te_teacher` WHERE ( name='admin' ) LIMIT 1   [ RunTime:0.0003s ]

[ 2018-04-02T22:13:04+08:00 ] 127.0.0.1 /index.php/Admin/Lesson/add.html
INFO: [ app_begin ] --START--
INFO: Run Behavior\ReadHtmlCacheBehavior [ RunTime:0.000259s ]
INFO: [ app_begin ] --END-- [ RunTime:0.000459s ]
SQL: SHOW COLUMNS FROM `te_lesson` [ RunTime:0.0125s ]
SQL: SELECT * FROM `te_lesson` WHERE ( code = '11111101' ) LIMIT 1   [ RunTime:0.0003s ]
SQL: INSERT INTO `te_lesson` (`name`,`code`,`score`,`exam`,`classroom`,`time`,`start`,`end`,`remark`,`t_id`) VALUES ('高等数学','11111101','5','1','3-309,1-206','周一,周三','第1周','第15周','','1') [ RunTime:0.0020s ]

[ 2018-04-02T22:38:57+08:00 ] 127.0.0.1 /index.php/Admin/Gsign/add.html
INFO: [ app_begin ] --START--
INFO: Run Behavior\ReadHtmlCacheBehavior [ RunTime:0.000321s ]
INFO: [ app_begin ] --END-- [ RunTime:0.000556s ]
SQL: SHOW COLUMNS FROM `te_gsign` [ RunTime:0.0114s ]
SQL: SELECT * FROM `te_gsign` WHERE ( num_id = '1410104107' ) LIMIT 1   [ RunTime:0.0003s ]
SQL: INSERT INTO `te_gsign` (`name`,`num_id`,`class`,`phone`,`title`,`teacher`,`remark`) VALUES ('贺阳飞','1410104107','物联网工程1401','17629016177','高效二级院校教师业绩信息管理系统','郭新明','') [ RunTime:0.0050s ]

[ 2018-04-02T22:43:13+08:00 ] 127.0.0.1 /index.php/Admin/Gsign/add.html
INFO: [ app_begin ] --START--
INFO: Run Behavior\ReadHtmlCacheBehavior [ RunTime:0.000259s ]
INFO: [ app_begin ] --END-- [ RunTime:0.000452s ]
SQL: SHOW COLUMNS FROM `te_gsign` [ RunTime:0.0114s ]
SQL: SELECT * FROM `te_gsign` WHERE ( num_id = '1410104105' ) LIMIT 1   [ RunTime:0.0002s ]
SQL: INSERT INTO `te_gsign` (`name`,`num_id`,`class`,`phone`,`title`,`teacher`,`remark`) VALUES ('雷繁','1410104105','物联网工程1401','17629016177','网上商城设计与实现','赵娟','') [ RunTime:0.0015s ]

[ 2018-04-02T22:51:02+08:00 ] 127.0.0.1 /index.php/Admin/Gsign/edit/id/1.html
ERR: 非法操作:edit

[ 2018-04-02T22:56:11+08:00 ] 127.0.0.1 /index.php/Admin/Gsign/edit/id/2.html
INFO: [ app_begin ] --START--
INFO: Run Behavior\ReadHtmlCacheBehavior [ RunTime:0.000310s ]
INFO: [ app_begin ] --END-- [ RunTime:0.000545s ]
SQL: SHOW COLUMNS FROM `te_gsign` [ RunTime:0.0117s ]

[ 2018-04-02T22:57:08+08:00 ] 127.0.0.1 /index.php/Admin/Gsign/edit/id/2.html
INFO: [ app_begin ] --START--
INFO: Run Behavior\ReadHtmlCacheBehavior [ RunTime:0.000256s ]
INFO: [ app_begin ] --END-- [ RunTime:0.000449s ]
SQL: SHOW COLUMNS FROM `te_gsign` [ RunTime:0.0154s ]

[ 2018-04-02T22:57:53+08:00 ] 127.0.0.1 /index.php/Admin/Gsign/edit/id/2.html
INFO: [ app_begin ] --START--
INFO: Run Behavior\ReadHtmlCacheBehavior [ RunTime:0.000332s ]
INFO: [ app_begin ] --END-- [ RunTime:0.000591s ]
SQL: SHOW COLUMNS FROM `te_gsign` [ RunTime:0.0127s ]
SQL: UPDATE `te_gsign` SET `name`='雷繁',`num_id`='1410104105',`class`='物联网工程1401',`phone`='18291004121',`title`='网上商城设计与实现',`teacher`='赵娟',`remark`='									' WHERE `id` = 2 [ RunTime:0.0026s ]

[ 2018-04-02T23:04:29+08:00 ] 127.0.0.1 /index.php/Admin/Gsign/add.html
INFO: [ app_begin ] --START--
INFO: Run Behavior\ReadHtmlCacheBehavior [ RunTime:0.000256s ]
INFO: [ app_begin ] --END-- [ RunTime:0.000450s ]
SQL: SHOW COLUMNS FROM `te_gsign` [ RunTime:0.0116s ]
SQL: SELECT * FROM `te_gsign` WHERE ( num_id = '11111111' ) LIMIT 1   [ RunTime:0.0002s ]
SQL: INSERT INTO `te_gsign` (`name`,`id`,`num_id`,`class`,`phone`,`title`,`teacher`,`remark`) VALUES ('不认识','0','11111111','11111','11111','11111','111111','									') [ RunTime:0.0019s ]

[ 2018-04-02T23:04:33+08:00 ] 127.0.0.1 /index.php/Admin/Gsign/del.html?id=3
INFO: [ app_begin ] --START--
INFO: Run Behavior\ReadHtmlCacheBehavior [ RunTime:0.000255s ]
INFO: [ app_begin ] --END-- [ RunTime:0.000442s ]
SQL: SHOW COLUMNS FROM `te_gsign` [ RunTime:0.0122s ]
SQL: DELETE FROM `te_gsign` WHERE `id` = 3 [ RunTime:0.0047s ]
INFO: [ app_end ] --START--
INFO: Run Behavior\ShowPageTraceBehavior [ RunTime:0.000370s ]
INFO: [ app_end ] --END-- [ RunTime:0.000391s ]

[ 2018-04-02T23:05:37+08:00 ] 127.0.0.1 /index.php/Admin/Gsign/add.html
INFO: [ app_begin ] --START--
INFO: Run Behavior\ReadHtmlCacheBehavior [ RunTime:0.000324s ]
INFO: [ app_begin ] --END-- [ RunTime:0.000575s ]
SQL: SHOW COLUMNS FROM `te_gsign` [ RunTime:0.0187s ]
SQL: SELECT * FROM `te_gsign` WHERE ( num_id = '11111' ) LIMIT 1   [ RunTime:0.0002s ]
SQL: INSERT INTO `te_gsign` (`name`,`id`,`num_id`,`class`,`phone`,`title`,`teacher`,`remark`) VALUES ('111111','0','11111','1111','1111','1111','11111','									') [ RunTime:0.0015s ]

[ 2018-04-02T23:05:42+08:00 ] 127.0.0.1 /index.php/Admin/Gsign/del.html?id=4
INFO: [ app_begin ] --START--
INFO: Run Behavior\ReadHtmlCacheBehavior [ RunTime:0.000287s ]
INFO: [ app_begin ] --END-- [ RunTime:0.000484s ]
SQL: SHOW COLUMNS FROM `te_gsign` [ RunTime:0.0126s ]
SQL: DELETE FROM `te_gsign` WHERE `id` = 4 [ RunTime:0.0016s ]
INFO: [ app_end ] --START--
INFO: Run Behavior\ShowPageTraceBehavior [ RunTime:0.000364s ]
INFO: [ app_end ] --END-- [ RunTime:0.000384s ]

[ 2018-04-02T23:07:46+08:00 ] 127.0.0.1 /index.php/Admin/Gsign/add.html
INFO: [ app_begin ] --START--
INFO: Run Behavior\ReadHtmlCacheBehavior [ RunTime:0.000304s ]
INFO: [ app_begin ] --END-- [ RunTime:0.000639s ]
SQL: SHOW COLUMNS FROM `te_gsign` [ RunTime:0.0149s ]
SQL: SELECT * FROM `te_gsign` WHERE ( num_id = '11111111111' ) LIMIT 1   [ RunTime:0.0002s ]
SQL: INSERT INTO `te_gsign` (`name`,`id`,`num_id`,`class`,`phone`,`title`,`teacher`,`remark`) VALUES ('11111','0','11111111111','11111','1111','11111','11111','									') [ RunTime:0.0019s ]

[ 2018-04-02T23:07:51+08:00 ] 127.0.0.1 /index.php/Admin/Gsign/del.html
INFO: [ app_begin ] --START--
INFO: Run Behavior\ReadHtmlCacheBehavior [ RunTime:0.000270s ]
INFO: [ app_begin ] --END-- [ RunTime:0.000479s ]
SQL: SHOW COLUMNS FROM `te_gsign` [ RunTime:0.0127s ]
SQL: DELETE FROM `te_gsign` WHERE `id` = 1 [ RunTime:0.0018s ]

[ 2018-04-02T23:07:56+08:00 ] 127.0.0.1 /index.php/Admin/Lsign/index.html
ERR: 无法加载控制器:Lsign

[ 2018-04-02T23:07:59+08:00 ] 127.0.0.1 /index.php/Admin/Lsign/index.html
ERR: 无法加载控制器:Lsign

[ 2018-04-02T23:32:04+08:00 ] 127.0.0.1 /index.php/Admin/Teach/index.html
ERR: 无法加载控制器:Teach

[ 2018-04-02T23:32:52+08:00 ] 127.0.0.1 /index.php/Admin/Lsign/add.html
INFO: [ app_begin ] --START--
INFO: Run Behavior\ReadHtmlCacheBehavior [ RunTime:0.000295s ]
INFO: [ app_begin ] --END-- [ RunTime:0.000507s ]
SQL: SHOW COLUMNS FROM `te_lsign` [ RunTime:0.0126s ]
SQL: SELECT * FROM `te_lsign` WHERE ( num_id = '1410104107' ) LIMIT 1   [ RunTime:0.0003s ]
SQL: INSERT INTO `te_lsign` (`name`,`id`,`num_id`,`class`,`phone`,`title`,`teacher`,`score`,`start`,`end`,`remark`) VALUES ('贺阳飞','0','1410104107','物联网工程1401','17629016177','安卓计算器应用设计与实现','刘敏娜','0','2017-04-03','2017-04-07','这个学生好屌啊							') [ RunTime:0.0016s ]

[ 2018-04-02T23:36:45+08:00 ] 127.0.0.1 /index.php/Admin/Lsign/add.html
INFO: [ app_begin ] --START--
INFO: Run Behavior\ReadHtmlCacheBehavior [ RunTime:0.000265s ]
INFO: [ app_begin ] --END-- [ RunTime:0.000465s ]
SQL: SHOW COLUMNS FROM `te_lsign` [ RunTime:0.0122s ]
SQL: SELECT * FROM `te_lsign` WHERE ( num_id = '1410104105' ) LIMIT 1   [ RunTime:0.0003s ]
SQL: INSERT INTO `te_lsign` (`name`,`id`,`num_id`,`class`,`phone`,`title`,`teacher`,`score`,`start`,`end`,`remark`) VALUES ('雷繁','0','1410104105','物联网工程1401','17629016177','动漫播放器设计与实现','李小林','0','2017-04-03','2018-04-06','									') [ RunTime:0.0015s ]

[ 2018-04-02T23:37:02+08:00 ] 127.0.0.1 /index.php/Admin/Lsign/edit/id/2.html
INFO: [ app_begin ] --START--
INFO: Run Behavior\ReadHtmlCacheBehavior [ RunTime:0.000250s ]
INFO: [ app_begin ] --END-- [ RunTime:0.000438s ]
SQL: SHOW COLUMNS FROM `te_lsign` [ RunTime:0.0120s ]
SQL: UPDATE `te_lsign` SET `name`='雷繁',`num_id`='1410104105',`class`='物联网工程1401',`phone`='18291004121',`title`='动漫播放器设计与实现',`teacher`='李小林',`score`='0',`start`='2017-04-03',`end`='2018-04-06',`remark`='																		' WHERE `id` = 2 [ RunTime:0.0018s ]

